<mule xmlns="http://www.mulesoft.org/schema/mule/core"
      xmlns:xsi="http://www.w3.org/2001/XMLSchema-instance"
      xmlns:akv="http://www.mulesoft.org/schema/mule/akv"
      xsi:schemaLocation="http://www.mulesoft.org/schema/mule/core http://www.mulesoft.org/schema/mule/core/current/mule.xsd
          http://www.mulesoft.org/schema/mule/akv http://www.mulesoft.org/schema/mule/akv/current/mule-akv.xsd">

    <akv:config name="config" >
        <akv:connection tenantId="aaaaaaaa-1234-00a1-1234-abcdef123456" clientId="bbbbbb-4321-41e7-aaaa-a00500000074" clientSecret="replace_client_secret" baseUri="https://login.microsoftonline.com/" />
    </akv:config>

    <flow name="authFlow">
        <akv:get-secret config-ref="config" path="https://mule-connector-vault.vault.azure.net/secrets/mysecret"/>
    </flow>

</mule>
